<?xml version="1.0" encoding="UTF-8"?>
<testsuite xmlns:xsi="http://www.w3.org/2001/XMLSchema-instance" xsi:noNamespaceSchemaLocation="https://maven.apache.org/surefire/maven-surefire-plugin/xsd/surefire-test-report-3.0.xsd" version="3.0" name="TestSuite" time="203.234" tests="4" errors="0" skipped="1" failures="2">
  <properties>
[...]
</properties>
  <testcase name="testLoginAdmin[chrome, admin, admin123, Mahmid Hossain](1)" classname="com.orangehrm.demo.testcases.login.LoginAdminTest" time="100.704">
    <failure message="Timed out after 60 seconds. Unable to locate the element" type="org.openqa.selenium.NoSuchElementException"><![CDATA[org.openqa.selenium.NoSuchElementException: Timed out after 60 seconds. Unable to locate the element
	at com.orangehrm.demo.testcases.login.LoginAdminTest.testLoginAdmin(LoginAdminTest.java:109)
Caused by: org.openqa.selenium.NoSuchElementException: 
no such element: Unable to locate element: {"method":"xpath","selector":"//span[@id='account-name'][contains(text(),'Jacqueline White')]"}
  (Session info: chrome=86.0.4240.198)
  (Driver info: chromedriver=2.37.544315 (730aa6a5fdba159ac9f4c1e8cbc59bf1b5ce12b7),platform=Windows NT 10.0.17758 x86_64) (WARNING: The server did not provide any stacktrace information)
Command duration or timeout: 0 milliseconds
For documentation on this error, please visit: http://seleniumhq.org/exceptions/no_such_element.html
Build info: version: '3.12.0', revision: '7c6e0b3', time: '2018-05-08T14:04:26.12Z'
System info: host: 'DESKTOP-LMKUR01', ip: '192.168.1.6', os.name: 'Windows 10', os.arch: 'amd64', os.version: '10.0', java.version: '1.8.0_261'
Driver info: org.openqa.selenium.chrome.ChromeDriver
Capabilities {acceptInsecureCerts: false, acceptSslCerts: false, applicationCacheEnabled: false, browserConnectionEnabled: false, browserName: chrome, chrome: {chromedriverVersion: 2.37.544315 (730aa6a5fdba15..., userDataDir: C:\Users\hp\AppData\Local\T...}, cssSelectorsEnabled: true, databaseEnabled: false, handlesAlerts: true, hasTouchScreen: false, javascriptEnabled: true, locationContextEnabled: true, mobileEmulationEnabled: false, nativeEvents: true, networkConnectionEnabled: false, pageLoadStrategy: normal, platform: XP, platformName: XP, rotatable: false, setWindowRect: true, takesHeapSnapshot: true, takesScreenshot: true, unexpectedAlertBehaviour: , unhandledPromptBehavior: , version: 86.0.4240.198, webStorageEnabled: true}
Session ID: 683a0f14434905559508311239f056af
*** Element info: {Using=xpath, value=//span[@id='account-name'][contains(text(),'Jacqueline White')]}
	at com.orangehrm.demo.testcases.login.LoginAdminTest.testLoginAdmin(LoginAdminTest.java:109)
]]></failure>
    <system-out><![CDATA[[TestNG] [WARN] Ignoring duplicate listener : com.orangehrm.demo.extentListeners.ExtentListeners
2020-11-24 00:20:28,307  INFO com.orangehrm.demo.testcases.BaseTest:114 - Config properties file loaded
Test Case Name VALUE ...........LoginAdminTest
inside valid login test case .... credentials
browser type ...............chrome
username..............admin
password........admin123
expected result............Mahmid Hossain
WITH OUT SELENIUM GRID....................
Launching : chrome
2020-11-24 00:20:34,081  INFO com.orangehrm.demo.testcases.BaseTest:215 - Driver Initialized !!!
Page Opened
inside go to login
user name in valid user .........admin
password in valid user .........admin123

]]></system-out>
    <system-err><![CDATA[Starting ChromeDriver 2.37.544315 (730aa6a5fdba159ac9f4c1e8cbc59bf1b5ce12b7) on port 11378
Only local connections are allowed.
Nov 24, 2020 12:20:34 AM org.openqa.selenium.remote.ProtocolHandshake createSession
INFO: Detected dialect: OSS
]]></system-err>
  </testcase>
  <testcase name="testLoginAdmin[chrome, invalidadmin, qwerty, Jacqueline White](2)" classname="com.orangehrm.demo.testcases.login.LoginAdminTest" time="96.979">
    <failure message="Timed out after 60 seconds. Unable to locate the element" type="org.openqa.selenium.NoSuchElementException"><![CDATA[org.openqa.selenium.NoSuchElementException: Timed out after 60 seconds. Unable to locate the element
	at com.orangehrm.demo.testcases.login.LoginAdminTest.testLoginAdmin(LoginAdminTest.java:109)
Caused by: org.openqa.selenium.NoSuchElementException: 
no such element: Unable to locate element: {"method":"xpath","selector":"//span[@id='account-name'][contains(text(),'Jacqueline White')]"}
  (Session info: chrome=86.0.4240.198)
  (Driver info: chromedriver=2.37.544315 (730aa6a5fdba159ac9f4c1e8cbc59bf1b5ce12b7),platform=Windows NT 10.0.17758 x86_64) (WARNING: The server did not provide any stacktrace information)
Command duration or timeout: 0 milliseconds
For documentation on this error, please visit: http://seleniumhq.org/exceptions/no_such_element.html
Build info: version: '3.12.0', revision: '7c6e0b3', time: '2018-05-08T14:04:26.12Z'
System info: host: 'DESKTOP-LMKUR01', ip: '192.168.1.6', os.name: 'Windows 10', os.arch: 'amd64', os.version: '10.0', java.version: '1.8.0_261'
Driver info: org.openqa.selenium.chrome.ChromeDriver
Capabilities {acceptInsecureCerts: false, acceptSslCerts: false, applicationCacheEnabled: false, browserConnectionEnabled: false, browserName: chrome, chrome: {chromedriverVersion: 2.37.544315 (730aa6a5fdba15..., userDataDir: C:\Users\hp\AppData\Local\T...}, cssSelectorsEnabled: true, databaseEnabled: false, handlesAlerts: true, hasTouchScreen: false, javascriptEnabled: true, locationContextEnabled: true, mobileEmulationEnabled: false, nativeEvents: true, networkConnectionEnabled: false, pageLoadStrategy: normal, platform: XP, platformName: XP, rotatable: false, setWindowRect: true, takesHeapSnapshot: true, takesScreenshot: true, unexpectedAlertBehaviour: , unhandledPromptBehavior: , version: 86.0.4240.198, webStorageEnabled: true}
Session ID: 36b9f93977148125cba4d7f94fe32eef
*** Element info: {Using=xpath, value=//span[@id='account-name'][contains(text(),'Jacqueline White')]}
	at com.orangehrm.demo.testcases.login.LoginAdminTest.testLoginAdmin(LoginAdminTest.java:109)
]]></failure>
    <system-out><![CDATA[LoginAdminTest : Reporting test data set line 1 as PASS In excel.
inside valid login test case .... credentials
browser type ...............chrome
username..............invalidadmin
password........qwerty
expected result............Jacqueline White
WITH OUT SELENIUM GRID....................
Launching : chrome
2020-11-24 00:22:12,017  INFO com.orangehrm.demo.testcases.BaseTest:215 - Driver Initialized !!!
Page Opened
inside go to login
user name in valid user .........invalidadmin
password in valid user .........qwerty

]]></system-out>
    <system-err><![CDATA[Starting ChromeDriver 2.37.544315 (730aa6a5fdba159ac9f4c1e8cbc59bf1b5ce12b7) on port 9214
Only local connections are allowed.
Nov 24, 2020 12:22:12 AM org.openqa.selenium.remote.ProtocolHandshake createSession
INFO: Detected dialect: OSS
]]></system-err>
  </testcase>
  <testcase name="testLoginAdmin[chrome, rafi, shireen, Jacqueline White](3)" classname="com.orangehrm.demo.testcases.login.LoginAdminTest" time="0">
    <skipped message="DataToRun for row number 2 Is No Or Blank. So Skipping Its Execution."/>
    <system-out><![CDATA[LoginAdminTest : Reporting test data set line 2 as PASS In excel.
inside valid login test case .... credentials
browser type ...............chrome
username..............rafi
password........shireen
expected result............Jacqueline White
]]></system-out>
  </testcase>
  <testcase name="f" classname="com.orangehrm.demo.testcases.registeruser.CompleteRegister" time="0.001">
    <system-out><![CDATA[LoginAdminTest : Reporting test data set line 3 as SKIP In excel.
LoginAdminTest : Reporting test case as PASS In excel.
2020-11-24 00:23:46,747 DEBUG freemarker.cache:45 - Couldn't find template in cache for "index.ftl"("en", UTF-8, parsed); will try to load it.
2020-11-24 00:23:46,756 DEBUG freemarker.cache:45 - TemplateLoader.findTemplateSource("index_en.ftl"): Not found
2020-11-24 00:23:46,774 DEBUG freemarker.cache:45 - TemplateLoader.findTemplateSource("index.ftl"): Found
2020-11-24 00:23:46,775 DEBUG freemarker.cache:45 - Loading template for "index.ftl"("en", UTF-8, parsed) from "jar:file:/C:/Users/hp/.m2/repository/com/aventstack/extentreports/3.1.5/extentreports-3.1.5.jar!/com/aventstack/extentreports/view/html-report/index.ftl"
2020-11-24 00:23:47,223 DEBUG freemarker.cache:45 - Couldn't find template in cache for "head.ftl"("en", UTF-8, parsed); will try to load it.
2020-11-24 00:23:47,225 DEBUG freemarker.cache:45 - TemplateLoader.findTemplateSource("head_en.ftl"): Not found
2020-11-24 00:23:47,225 DEBUG freemarker.cache:45 - TemplateLoader.findTemplateSource("head.ftl"): Found
2020-11-24 00:23:47,226 DEBUG freemarker.cache:45 - Loading template for "head.ftl"("en", UTF-8, parsed) from "jar:file:/C:/Users/hp/.m2/repository/com/aventstack/extentreports/3.1.5/extentreports-3.1.5.jar!/com/aventstack/extentreports/view/html-report/head.ftl"
2020-11-24 00:23:47,234 DEBUG freemarker.cache:45 - Couldn't find template in cache for "nav.ftl"("en", UTF-8, parsed); will try to load it.
2020-11-24 00:23:47,235 DEBUG freemarker.cache:45 - TemplateLoader.findTemplateSource("nav_en.ftl"): Not found
2020-11-24 00:23:47,236 DEBUG freemarker.cache:45 - TemplateLoader.findTemplateSource("nav.ftl"): Found
2020-11-24 00:23:47,236 DEBUG freemarker.cache:45 - Loading template for "nav.ftl"("en", UTF-8, parsed) from "jar:file:/C:/Users/hp/.m2/repository/com/aventstack/extentreports/3.1.5/extentreports-3.1.5.jar!/com/aventstack/extentreports/view/html-report/nav.ftl"
2020-11-24 00:23:47,289 DEBUG freemarker.cache:45 - Couldn't find template in cache for "test-view/test-view.ftl"("en", UTF-8, parsed); will try to load it.
2020-11-24 00:23:47,291 DEBUG freemarker.cache:45 - TemplateLoader.findTemplateSource("test-view/test-view_en.ftl"): Not found
2020-11-24 00:23:47,292 DEBUG freemarker.cache:45 - TemplateLoader.findTemplateSource("test-view/test-view.ftl"): Found
2020-11-24 00:23:47,292 DEBUG freemarker.cache:45 - Loading template for "test-view/test-view.ftl"("en", UTF-8, parsed) from "jar:file:/C:/Users/hp/.m2/repository/com/aventstack/extentreports/3.1.5/extentreports-3.1.5.jar!/com/aventstack/extentreports/view/html-report/test-view/test-view.ftl"
2020-11-24 00:23:47,335 DEBUG freemarker.cache:45 - Couldn't find template in cache for "test-view/standard.ftl"("en", UTF-8, parsed); will try to load it.
2020-11-24 00:23:47,336 DEBUG freemarker.cache:45 - TemplateLoader.findTemplateSource("test-view/standard_en.ftl"): Not found
2020-11-24 00:23:47,336 DEBUG freemarker.cache:45 - TemplateLoader.findTemplateSource("test-view/standard.ftl"): Found
2020-11-24 00:23:47,336 DEBUG freemarker.cache:45 - Loading template for "test-view/standard.ftl"("en", UTF-8, parsed) from "jar:file:/C:/Users/hp/.m2/repository/com/aventstack/extentreports/3.1.5/extentreports-3.1.5.jar!/com/aventstack/extentreports/view/html-report/test-view/standard.ftl"
2020-11-24 00:23:47,362 DEBUG freemarker.cache:45 - "test-view/standard.ftl"("en", UTF-8, parsed) cached copy not yet stale; using cached.
2020-11-24 00:23:47,368 DEBUG freemarker.cache:45 - "test-view/standard.ftl"("en", UTF-8, parsed) cached copy not yet stale; using cached.
2020-11-24 00:23:47,369 DEBUG freemarker.cache:45 - Couldn't find template in cache for "test-view/test-view-charts.ftl"("en", UTF-8, parsed); will try to load it.
2020-11-24 00:23:47,370 DEBUG freemarker.cache:45 - TemplateLoader.findTemplateSource("test-view/test-view-charts_en.ftl"): Not found
2020-11-24 00:23:47,371 DEBUG freemarker.cache:45 - TemplateLoader.findTemplateSource("test-view/test-view-charts.ftl"): Found
2020-11-24 00:23:47,371 DEBUG freemarker.cache:45 - Loading template for "test-view/test-view-charts.ftl"("en", UTF-8, parsed) from "jar:file:/C:/Users/hp/.m2/repository/com/aventstack/extentreports/3.1.5/extentreports-3.1.5.jar!/com/aventstack/extentreports/view/html-report/test-view/test-view-charts.ftl"
2020-11-24 00:23:47,381 DEBUG freemarker.cache:45 - Couldn't find template in cache for "category-view/category-view.ftl"("en", UTF-8, parsed); will try to load it.
2020-11-24 00:23:47,382 DEBUG freemarker.cache:45 - TemplateLoader.findTemplateSource("category-view/category-view_en.ftl"): Not found
2020-11-24 00:23:47,382 DEBUG freemarker.cache:45 - TemplateLoader.findTemplateSource("category-view/category-view.ftl"): Found
2020-11-24 00:23:47,383 DEBUG freemarker.cache:45 - Loading template for "category-view/category-view.ftl"("en", UTF-8, parsed) from "jar:file:/C:/Users/hp/.m2/repository/com/aventstack/extentreports/3.1.5/extentreports-3.1.5.jar!/com/aventstack/extentreports/view/html-report/category-view/category-view.ftl"
2020-11-24 00:23:47,388 DEBUG freemarker.cache:45 - Couldn't find template in cache for "author-view/author-view.ftl"("en", UTF-8, parsed); will try to load it.
2020-11-24 00:23:47,389 DEBUG freemarker.cache:45 - TemplateLoader.findTemplateSource("author-view/author-view_en.ftl"): Not found
2020-11-24 00:23:47,390 DEBUG freemarker.cache:45 - TemplateLoader.findTemplateSource("author-view/author-view.ftl"): Found
2020-11-24 00:23:47,391 DEBUG freemarker.cache:45 - Loading template for "author-view/author-view.ftl"("en", UTF-8, parsed) from "jar:file:/C:/Users/hp/.m2/repository/com/aventstack/extentreports/3.1.5/extentreports-3.1.5.jar!/com/aventstack/extentreports/view/html-report/author-view/author-view.ftl"
2020-11-24 00:23:47,457 DEBUG freemarker.cache:45 - Couldn't find template in cache for "exception-view/exception-view.ftl"("en", UTF-8, parsed); will try to load it.
2020-11-24 00:23:47,458 DEBUG freemarker.cache:45 - TemplateLoader.findTemplateSource("exception-view/exception-view_en.ftl"): Not found
2020-11-24 00:23:47,459 DEBUG freemarker.cache:45 - TemplateLoader.findTemplateSource("exception-view/exception-view.ftl"): Found
2020-11-24 00:23:47,460 DEBUG freemarker.cache:45 - Loading template for "exception-view/exception-view.ftl"("en", UTF-8, parsed) from "jar:file:/C:/Users/hp/.m2/repository/com/aventstack/extentreports/3.1.5/extentreports-3.1.5.jar!/com/aventstack/extentreports/view/html-report/exception-view/exception-view.ftl"
2020-11-24 00:23:47,475 DEBUG freemarker.cache:45 - Couldn't find template in cache for "dashboard-view/dashboard-view.ftl"("en", UTF-8, parsed); will try to load it.
2020-11-24 00:23:47,486 DEBUG freemarker.cache:45 - TemplateLoader.findTemplateSource("dashboard-view/dashboard-view_en.ftl"): Not found
2020-11-24 00:23:47,489 DEBUG freemarker.cache:45 - TemplateLoader.findTemplateSource("dashboard-view/dashboard-view.ftl"): Found
2020-11-24 00:23:47,490 DEBUG freemarker.cache:45 - Loading template for "dashboard-view/dashboard-view.ftl"("en", UTF-8, parsed) from "jar:file:/C:/Users/hp/.m2/repository/com/aventstack/extentreports/3.1.5/extentreports-3.1.5.jar!/com/aventstack/extentreports/view/html-report/dashboard-view/dashboard-view.ftl"
2020-11-24 00:23:47,563 DEBUG freemarker.cache:45 - Couldn't find template in cache for "logs-view/testrunner-logs-view.ftl"("en", UTF-8, parsed); will try to load it.
2020-11-24 00:23:47,565 DEBUG freemarker.cache:45 - TemplateLoader.findTemplateSource("logs-view/testrunner-logs-view_en.ftl"): Not found
2020-11-24 00:23:47,566 DEBUG freemarker.cache:45 - TemplateLoader.findTemplateSource("logs-view/testrunner-logs-view.ftl"): Found
2020-11-24 00:23:47,566 DEBUG freemarker.cache:45 - Loading template for "logs-view/testrunner-logs-view.ftl"("en", UTF-8, parsed) from "jar:file:/C:/Users/hp/.m2/repository/com/aventstack/extentreports/3.1.5/extentreports-3.1.5.jar!/com/aventstack/extentreports/view/html-report/logs-view/testrunner-logs-view.ftl"
2020-11-24 00:23:47,618  INFO com.orangehrm.demo.testcases.BaseTest:114 - Config properties file loaded
]]></system-out>
  </testcase>
</testsuite>