<?xml version="1.0" encoding="UTF-8"?>
<testng-results skipped="3" failed="0" ignored="0" total="7" passed="4">
  <reporter-output>
  </reporter-output>
  <suite name="Suite" duration-ms="0" started-at="2021-01-08T11:36:44Z" finished-at="2021-01-08T11:36:44Z">
    <groups>
    </groups>
  </suite> <!-- Suite -->
  <suite name="LoginSuite" duration-ms="104100" started-at="2021-01-08T11:34:59Z" finished-at="2021-01-08T11:36:43Z">
    <groups>
    </groups>
    <test name="LoginAdminTest" duration-ms="54153" started-at="2021-01-08T11:34:59Z" finished-at="2021-01-08T11:35:53Z">
      <class name="com.orangehrm.demo.testcases.login.LoginAdminTest">
        <test-method status="PASS" signature="checkCaseToRun()[pri:0, instance:com.orangehrm.demo.testcases.login.LoginAdminTest@42607a4f]" name="checkCaseToRun" is-config="true" duration-ms="43" started-at="2021-01-08T11:34:59Z" finished-at="2021-01-08T11:34:59Z">
          <reporter-output>
          </reporter-output>
        </test-method> <!-- checkCaseToRun -->
        <test-method status="PASS" signature="launch_browser()[pri:0, instance:com.orangehrm.demo.testcases.login.LoginAdminTest@42607a4f]" name="launch_browser" is-config="true" duration-ms="0" started-at="2021-01-08T11:34:59Z" finished-at="2021-01-08T11:34:59Z">
          <reporter-output>
          </reporter-output>
        </test-method> <!-- launch_browser -->
        <test-method status="PASS" signature="testLoginAdmin(java.lang.String, java.lang.String, java.lang.String, java.lang.String)[pri:0, instance:com.orangehrm.demo.testcases.login.LoginAdminTest@42607a4f]" name="testLoginAdmin" duration-ms="28582" started-at="2021-01-08T11:34:59Z" data-provider="LoginAdminTest" finished-at="2021-01-08T11:35:28Z">
          <params>
            <param index="0">
              <value>
                <![CDATA[chrome]]>
              </value>
            </param>
            <param index="1">
              <value>
                <![CDATA[admin]]>
              </value>
            </param>
            <param index="2">
              <value>
                <![CDATA[admin123]]>
              </value>
            </param>
            <param index="3">
              <value>
                <![CDATA[Jacqueline White]]>
              </value>
            </param>
          </params>
          <reporter-output>
          </reporter-output>
        </test-method> <!-- testLoginAdmin -->
        <test-method status="PASS" signature="reporterDataResults()[pri:0, instance:com.orangehrm.demo.testcases.login.LoginAdminTest@42607a4f]" name="reporterDataResults" is-config="true" duration-ms="6" started-at="2021-01-08T11:35:28Z" finished-at="2021-01-08T11:35:28Z">
          <reporter-output>
          </reporter-output>
        </test-method> <!-- reporterDataResults -->
        <test-method status="PASS" signature="launch_browser()[pri:0, instance:com.orangehrm.demo.testcases.login.LoginAdminTest@42607a4f]" name="launch_browser" is-config="true" duration-ms="0" started-at="2021-01-08T11:35:28Z" finished-at="2021-01-08T11:35:28Z">
          <reporter-output>
          </reporter-output>
        </test-method> <!-- launch_browser -->
        <test-method status="PASS" signature="testLoginAdmin(java.lang.String, java.lang.String, java.lang.String, java.lang.String)[pri:0, instance:com.orangehrm.demo.testcases.login.LoginAdminTest@42607a4f]" name="testLoginAdmin" duration-ms="25471" started-at="2021-01-08T11:35:28Z" data-provider="LoginAdminTest" finished-at="2021-01-08T11:35:53Z">
          <params>
            <param index="0">
              <value>
                <![CDATA[chrome]]>
              </value>
            </param>
            <param index="1">
              <value>
                <![CDATA[admin]]>
              </value>
            </param>
            <param index="2">
              <value>
                <![CDATA[admin123]]>
              </value>
            </param>
            <param index="3">
              <value>
                <![CDATA[Jacqueline White]]>
              </value>
            </param>
          </params>
          <reporter-output>
          </reporter-output>
        </test-method> <!-- testLoginAdmin -->
        <test-method status="PASS" signature="reporterDataResults()[pri:0, instance:com.orangehrm.demo.testcases.login.LoginAdminTest@42607a4f]" name="reporterDataResults" is-config="true" duration-ms="2" started-at="2021-01-08T11:35:53Z" finished-at="2021-01-08T11:35:53Z">
          <reporter-output>
          </reporter-output>
        </test-method> <!-- reporterDataResults -->
        <test-method status="SKIP" signature="testLoginAdmin(java.lang.String, java.lang.String, java.lang.String, java.lang.String)[pri:0, instance:com.orangehrm.demo.testcases.login.LoginAdminTest@42607a4f]" name="testLoginAdmin" duration-ms="3" started-at="2021-01-08T11:35:53Z" data-provider="LoginAdminTest" finished-at="2021-01-08T11:35:53Z">
          <params>
            <param index="0">
              <value>
                <![CDATA[chrome]]>
              </value>
            </param>
            <param index="1">
              <value>
                <![CDATA[rafi]]>
              </value>
            </param>
            <param index="2">
              <value>
                <![CDATA[shireen]]>
              </value>
            </param>
            <param index="3">
              <value>
                <![CDATA[Jacqueline White]]>
              </value>
            </param>
          </params>
          <exception class="org.testng.SkipException">
            <message>
              <![CDATA[DataToRun for row number 2 Is No Or Blank. So Skipping Its Execution.]]>
            </message>
            <full-stacktrace>
              <![CDATA[org.testng.SkipException: DataToRun for row number 2 Is No Or Blank. So Skipping Its Execution.
at com.orangehrm.demo.testcases.login.LoginAdminTest.testLoginAdmin(LoginAdminTest.java:94)
at sun.reflect.NativeMethodAccessorImpl.invoke0(Native Method)
at sun.reflect.NativeMethodAccessorImpl.invoke(NativeMethodAccessorImpl.java:62)
at sun.reflect.DelegatingMethodAccessorImpl.invoke(DelegatingMethodAccessorImpl.java:43)
at java.lang.reflect.Method.invoke(Method.java:498)
at org.testng.internal.MethodInvocationHelper.invokeMethod(MethodInvocationHelper.java:124)
at org.testng.internal.Invoker.invokeMethod(Invoker.java:583)
at org.testng.internal.Invoker.invokeTestMethod(Invoker.java:719)
at org.testng.internal.Invoker.invokeTestMethods(Invoker.java:989)
at org.testng.internal.TestMethodWorker.invokeTestMethods(TestMethodWorker.java:125)
at org.testng.internal.TestMethodWorker.run(TestMethodWorker.java:109)
at org.testng.TestRunner.privateRun(TestRunner.java:648)
at org.testng.TestRunner.run(TestRunner.java:505)
at org.testng.SuiteRunner.runTest(SuiteRunner.java:455)
at org.testng.SuiteRunner.runSequentially(SuiteRunner.java:450)
at org.testng.SuiteRunner.privateRun(SuiteRunner.java:415)
at org.testng.SuiteRunner.run(SuiteRunner.java:364)
at org.testng.SuiteRunnerWorker.runSuite(SuiteRunnerWorker.java:52)
at org.testng.SuiteRunnerWorker.run(SuiteRunnerWorker.java:84)
at org.testng.TestNG.runSuitesSequentially(TestNG.java:1208)
at org.testng.TestNG.runSuitesSequentially(TestNG.java:1204)
at org.testng.TestNG.runSuitesLocally(TestNG.java:1137)
at org.testng.TestNG.runSuites(TestNG.java:1049)
at org.testng.TestNG.run(TestNG.java:1017)
at org.apache.maven.surefire.testng.TestNGExecutor.run(TestNGExecutor.java:284)
at org.apache.maven.surefire.testng.TestNGXmlTestSuite.execute(TestNGXmlTestSuite.java:75)
at org.apache.maven.surefire.testng.TestNGProvider.invoke(TestNGProvider.java:119)
at org.apache.maven.surefire.booter.ForkedBooter.runSuitesInProcess(ForkedBooter.java:428)
at org.apache.maven.surefire.booter.ForkedBooter.execute(ForkedBooter.java:162)
at org.apache.maven.surefire.booter.ForkedBooter.run(ForkedBooter.java:562)
at org.apache.maven.surefire.booter.ForkedBooter.main(ForkedBooter.java:548)
]]>
            </full-stacktrace>
          </exception> <!-- org.testng.SkipException -->
          <reporter-output>
          </reporter-output>
        </test-method> <!-- testLoginAdmin -->
        <test-method status="PASS" signature="launch_browser()[pri:0, instance:com.orangehrm.demo.testcases.login.LoginAdminTest@42607a4f]" name="launch_browser" is-config="true" duration-ms="0" started-at="2021-01-08T11:35:53Z" finished-at="2021-01-08T11:35:53Z">
          <reporter-output>
          </reporter-output>
        </test-method> <!-- launch_browser -->
        <test-method status="PASS" signature="reporterDataResults()[pri:0, instance:com.orangehrm.demo.testcases.login.LoginAdminTest@42607a4f]" name="reporterDataResults" is-config="true" duration-ms="3" started-at="2021-01-08T11:35:53Z" finished-at="2021-01-08T11:35:53Z">
          <reporter-output>
          </reporter-output>
        </test-method> <!-- reporterDataResults -->
        <test-method status="PASS" signature="closeBrowser()[pri:0, instance:com.orangehrm.demo.testcases.login.LoginAdminTest@42607a4f]" name="closeBrowser" is-config="true" duration-ms="2" started-at="2021-01-08T11:35:53Z" finished-at="2021-01-08T11:35:53Z">
          <reporter-output>
          </reporter-output>
        </test-method> <!-- closeBrowser -->
      </class> <!-- com.orangehrm.demo.testcases.login.LoginAdminTest -->
    </test> <!-- LoginAdminTest -->
    <test name="AutoITTest" duration-ms="47497" started-at="2021-01-08T11:35:56Z" finished-at="2021-01-08T11:36:43Z">
      <class name="com.orangehrm.demo.testcases.login.AutoITTest">
        <test-method status="PASS" signature="setUpFramework()[pri:0, instance:com.orangehrm.demo.testcases.login.AutoITTest@727803de]" name="setUpFramework" is-config="true" duration-ms="60" started-at="2021-01-08T11:34:59Z" finished-at="2021-01-08T11:34:59Z">
          <reporter-output>
          </reporter-output>
        </test-method> <!-- setUpFramework -->
        <test-method status="PASS" signature="checkSuiteToRun()[pri:0, instance:com.orangehrm.demo.testcases.login.AutoITTest@727803de]" name="checkSuiteToRun" is-config="true" duration-ms="243" started-at="2021-01-08T11:34:59Z" depends-on-methods="com.orangehrm.demo.testcases.BaseTest.setUpFramework" finished-at="2021-01-08T11:34:59Z">
          <reporter-output>
          </reporter-output>
        </test-method> <!-- checkSuiteToRun -->
        <test-method status="PASS" signature="checkCaseToRun()[pri:0, instance:com.orangehrm.demo.testcases.login.AutoITTest@727803de]" name="checkCaseToRun" is-config="true" duration-ms="75" started-at="2021-01-08T11:35:56Z" finished-at="2021-01-08T11:35:56Z">
          <reporter-output>
          </reporter-output>
        </test-method> <!-- checkCaseToRun -->
        <test-method status="PASS" signature="launch_browser()[pri:0, instance:com.orangehrm.demo.testcases.login.AutoITTest@727803de]" name="launch_browser" is-config="true" duration-ms="1" started-at="2021-01-08T11:35:56Z" finished-at="2021-01-08T11:35:56Z">
          <reporter-output>
          </reporter-output>
        </test-method> <!-- launch_browser -->
        <test-method status="PASS" signature="testLoginAdmin(java.lang.String, java.lang.String, java.lang.String, java.lang.String)[pri:0, instance:com.orangehrm.demo.testcases.login.AutoITTest@727803de]" name="testLoginAdmin" duration-ms="47385" started-at="2021-01-08T11:35:56Z" data-provider="LoginAdminTest" finished-at="2021-01-08T11:36:43Z">
          <params>
            <param index="0">
              <value>
                <![CDATA[chrome]]>
              </value>
            </param>
            <param index="1">
              <value>
                <![CDATA[admin]]>
              </value>
            </param>
            <param index="2">
              <value>
                <![CDATA[admin123]]>
              </value>
            </param>
            <param index="3">
              <value>
                <![CDATA[Jacqueline White]]>
              </value>
            </param>
          </params>
          <reporter-output>
          </reporter-output>
        </test-method> <!-- testLoginAdmin -->
        <test-method status="PASS" signature="reporterDataResults()[pri:0, instance:com.orangehrm.demo.testcases.login.AutoITTest@727803de]" name="reporterDataResults" is-config="true" duration-ms="7" started-at="2021-01-08T11:36:43Z" finished-at="2021-01-08T11:36:43Z">
          <reporter-output>
          </reporter-output>
        </test-method> <!-- reporterDataResults -->
        <test-method status="PASS" signature="launch_browser()[pri:0, instance:com.orangehrm.demo.testcases.login.AutoITTest@727803de]" name="launch_browser" is-config="true" duration-ms="0" started-at="2021-01-08T11:36:43Z" finished-at="2021-01-08T11:36:43Z">
          <reporter-output>
          </reporter-output>
        </test-method> <!-- launch_browser -->
        <test-method status="SKIP" signature="testLoginAdmin(java.lang.String, java.lang.String, java.lang.String, java.lang.String)[pri:0, instance:com.orangehrm.demo.testcases.login.AutoITTest@727803de]" name="testLoginAdmin" duration-ms="3" started-at="2021-01-08T11:36:43Z" data-provider="LoginAdminTest" finished-at="2021-01-08T11:36:43Z">
          <params>
            <param index="0">
              <value>
                <![CDATA[]]>
              </value>
            </param>
            <param index="1">
              <value>
                <![CDATA[]]>
              </value>
            </param>
            <param index="2">
              <value>
                <![CDATA[]]>
              </value>
            </param>
            <param index="3">
              <value>
                <![CDATA[]]>
              </value>
            </param>
          </params>
          <exception class="org.testng.SkipException">
            <message>
              <![CDATA[DataToRun for row number 1 Is No Or Blank. So Skipping Its Execution.]]>
            </message>
            <full-stacktrace>
              <![CDATA[org.testng.SkipException: DataToRun for row number 1 Is No Or Blank. So Skipping Its Execution.
at com.orangehrm.demo.testcases.login.AutoITTest.testLoginAdmin(AutoITTest.java:94)
at sun.reflect.NativeMethodAccessorImpl.invoke0(Native Method)
at sun.reflect.NativeMethodAccessorImpl.invoke(NativeMethodAccessorImpl.java:62)
at sun.reflect.DelegatingMethodAccessorImpl.invoke(DelegatingMethodAccessorImpl.java:43)
at java.lang.reflect.Method.invoke(Method.java:498)
at org.testng.internal.MethodInvocationHelper.invokeMethod(MethodInvocationHelper.java:124)
at org.testng.internal.Invoker.invokeMethod(Invoker.java:583)
at org.testng.internal.Invoker.invokeTestMethod(Invoker.java:719)
at org.testng.internal.Invoker.invokeTestMethods(Invoker.java:989)
at org.testng.internal.TestMethodWorker.invokeTestMethods(TestMethodWorker.java:125)
at org.testng.internal.TestMethodWorker.run(TestMethodWorker.java:109)
at org.testng.TestRunner.privateRun(TestRunner.java:648)
at org.testng.TestRunner.run(TestRunner.java:505)
at org.testng.SuiteRunner.runTest(SuiteRunner.java:455)
at org.testng.SuiteRunner.runSequentially(SuiteRunner.java:450)
at org.testng.SuiteRunner.privateRun(SuiteRunner.java:415)
at org.testng.SuiteRunner.run(SuiteRunner.java:364)
at org.testng.SuiteRunnerWorker.runSuite(SuiteRunnerWorker.java:52)
at org.testng.SuiteRunnerWorker.run(SuiteRunnerWorker.java:84)
at org.testng.TestNG.runSuitesSequentially(TestNG.java:1208)
at org.testng.TestNG.runSuitesSequentially(TestNG.java:1204)
at org.testng.TestNG.runSuitesLocally(TestNG.java:1137)
at org.testng.TestNG.runSuites(TestNG.java:1049)
at org.testng.TestNG.run(TestNG.java:1017)
at org.apache.maven.surefire.testng.TestNGExecutor.run(TestNGExecutor.java:284)
at org.apache.maven.surefire.testng.TestNGXmlTestSuite.execute(TestNGXmlTestSuite.java:75)
at org.apache.maven.surefire.testng.TestNGProvider.invoke(TestNGProvider.java:119)
at org.apache.maven.surefire.booter.ForkedBooter.runSuitesInProcess(ForkedBooter.java:428)
at org.apache.maven.surefire.booter.ForkedBooter.execute(ForkedBooter.java:162)
at org.apache.maven.surefire.booter.ForkedBooter.run(ForkedBooter.java:562)
at org.apache.maven.surefire.booter.ForkedBooter.main(ForkedBooter.java:548)
]]>
            </full-stacktrace>
          </exception> <!-- org.testng.SkipException -->
          <reporter-output>
          </reporter-output>
        </test-method> <!-- testLoginAdmin -->
        <test-method status="PASS" signature="reporterDataResults()[pri:0, instance:com.orangehrm.demo.testcases.login.AutoITTest@727803de]" name="reporterDataResults" is-config="true" duration-ms="5" started-at="2021-01-08T11:36:43Z" finished-at="2021-01-08T11:36:43Z">
          <reporter-output>
          </reporter-output>
        </test-method> <!-- reporterDataResults -->
        <test-method status="SKIP" signature="testLoginAdmin(java.lang.String, java.lang.String, java.lang.String, java.lang.String)[pri:0, instance:com.orangehrm.demo.testcases.login.AutoITTest@727803de]" name="testLoginAdmin" duration-ms="3" started-at="2021-01-08T11:36:43Z" data-provider="LoginAdminTest" finished-at="2021-01-08T11:36:43Z">
          <params>
            <param index="0">
              <value>
                <![CDATA[]]>
              </value>
            </param>
            <param index="1">
              <value>
                <![CDATA[]]>
              </value>
            </param>
            <param index="2">
              <value>
                <![CDATA[]]>
              </value>
            </param>
            <param index="3">
              <value>
                <![CDATA[]]>
              </value>
            </param>
          </params>
          <exception class="org.testng.SkipException">
            <message>
              <![CDATA[DataToRun for row number 2 Is No Or Blank. So Skipping Its Execution.]]>
            </message>
            <full-stacktrace>
              <![CDATA[org.testng.SkipException: DataToRun for row number 2 Is No Or Blank. So Skipping Its Execution.
at com.orangehrm.demo.testcases.login.AutoITTest.testLoginAdmin(AutoITTest.java:94)
at sun.reflect.NativeMethodAccessorImpl.invoke0(Native Method)
at sun.reflect.NativeMethodAccessorImpl.invoke(NativeMethodAccessorImpl.java:62)
at sun.reflect.DelegatingMethodAccessorImpl.invoke(DelegatingMethodAccessorImpl.java:43)
at java.lang.reflect.Method.invoke(Method.java:498)
at org.testng.internal.MethodInvocationHelper.invokeMethod(MethodInvocationHelper.java:124)
at org.testng.internal.Invoker.invokeMethod(Invoker.java:583)
at org.testng.internal.Invoker.invokeTestMethod(Invoker.java:719)
at org.testng.internal.Invoker.invokeTestMethods(Invoker.java:989)
at org.testng.internal.TestMethodWorker.invokeTestMethods(TestMethodWorker.java:125)
at org.testng.internal.TestMethodWorker.run(TestMethodWorker.java:109)
at org.testng.TestRunner.privateRun(TestRunner.java:648)
at org.testng.TestRunner.run(TestRunner.java:505)
at org.testng.SuiteRunner.runTest(SuiteRunner.java:455)
at org.testng.SuiteRunner.runSequentially(SuiteRunner.java:450)
at org.testng.SuiteRunner.privateRun(SuiteRunner.java:415)
at org.testng.SuiteRunner.run(SuiteRunner.java:364)
at org.testng.SuiteRunnerWorker.runSuite(SuiteRunnerWorker.java:52)
at org.testng.SuiteRunnerWorker.run(SuiteRunnerWorker.java:84)
at org.testng.TestNG.runSuitesSequentially(TestNG.java:1208)
at org.testng.TestNG.runSuitesSequentially(TestNG.java:1204)
at org.testng.TestNG.runSuitesLocally(TestNG.java:1137)
at org.testng.TestNG.runSuites(TestNG.java:1049)
at org.testng.TestNG.run(TestNG.java:1017)
at org.apache.maven.surefire.testng.TestNGExecutor.run(TestNGExecutor.java:284)
at org.apache.maven.surefire.testng.TestNGXmlTestSuite.execute(TestNGXmlTestSuite.java:75)
at org.apache.maven.surefire.testng.TestNGProvider.invoke(TestNGProvider.java:119)
at org.apache.maven.surefire.booter.ForkedBooter.runSuitesInProcess(ForkedBooter.java:428)
at org.apache.maven.surefire.booter.ForkedBooter.execute(ForkedBooter.java:162)
at org.apache.maven.surefire.booter.ForkedBooter.run(ForkedBooter.java:562)
at org.apache.maven.surefire.booter.ForkedBooter.main(ForkedBooter.java:548)
]]>
            </full-stacktrace>
          </exception> <!-- org.testng.SkipException -->
          <reporter-output>
          </reporter-output>
        </test-method> <!-- testLoginAdmin -->
        <test-method status="PASS" signature="launch_browser()[pri:0, instance:com.orangehrm.demo.testcases.login.AutoITTest@727803de]" name="launch_browser" is-config="true" duration-ms="0" started-at="2021-01-08T11:36:43Z" finished-at="2021-01-08T11:36:43Z">
          <reporter-output>
          </reporter-output>
        </test-method> <!-- launch_browser -->
        <test-method status="PASS" signature="reporterDataResults()[pri:0, instance:com.orangehrm.demo.testcases.login.AutoITTest@727803de]" name="reporterDataResults" is-config="true" duration-ms="3" started-at="2021-01-08T11:36:43Z" finished-at="2021-01-08T11:36:43Z">
          <reporter-output>
          </reporter-output>
        </test-method> <!-- reporterDataResults -->
        <test-method status="PASS" signature="closeBrowser()[pri:0, instance:com.orangehrm.demo.testcases.login.AutoITTest@727803de]" name="closeBrowser" is-config="true" duration-ms="2" started-at="2021-01-08T11:36:43Z" finished-at="2021-01-08T11:36:43Z">
          <reporter-output>
          </reporter-output>
        </test-method> <!-- closeBrowser -->
        <test-method status="PASS" signature="afterSuite()[pri:0, instance:com.orangehrm.demo.testcases.login.AutoITTest@727803de]" name="afterSuite" is-config="true" duration-ms="0" started-at="2021-01-08T11:36:43Z" finished-at="2021-01-08T11:36:43Z">
          <reporter-output>
          </reporter-output>
        </test-method> <!-- afterSuite -->
      </class> <!-- com.orangehrm.demo.testcases.login.AutoITTest -->
    </test> <!-- AutoITTest -->
  </suite> <!-- LoginSuite -->
  <suite name="RegisterUserSuite" duration-ms="17" started-at="2021-01-08T11:36:44Z" finished-at="2021-01-08T11:36:44Z">
    <groups>
    </groups>
    <test name="CompleteRegister" duration-ms="17" started-at="2021-01-08T11:36:44Z" finished-at="2021-01-08T11:36:44Z">
      <class name="com.orangehrm.demo.testcases.registeruser.CompleteRegister">
        <test-method status="PASS" signature="setUpFramework()[pri:0, instance:com.orangehrm.demo.testcases.registeruser.CompleteRegister@5c18298f]" name="setUpFramework" is-config="true" duration-ms="5" started-at="2021-01-08T11:36:43Z" finished-at="2021-01-08T11:36:44Z">
          <reporter-output>
          </reporter-output>
        </test-method> <!-- setUpFramework -->
        <test-method status="PASS" signature="checkSuiteToRun()[pri:0, instance:com.orangehrm.demo.testcases.registeruser.CompleteRegister@5c18298f]" name="checkSuiteToRun" is-config="true" duration-ms="339" started-at="2021-01-08T11:36:44Z" depends-on-methods="com.orangehrm.demo.testcases.BaseTest.setUpFramework" finished-at="2021-01-08T11:36:44Z">
          <reporter-output>
          </reporter-output>
        </test-method> <!-- checkSuiteToRun -->
        <test-method status="PASS" signature="f()[pri:0, instance:com.orangehrm.demo.testcases.registeruser.CompleteRegister@5c18298f]" name="f" duration-ms="16" started-at="2021-01-08T11:36:44Z" finished-at="2021-01-08T11:36:44Z">
          <reporter-output>
          </reporter-output>
        </test-method> <!-- f -->
        <test-method status="PASS" signature="afterSuite()[pri:0, instance:com.orangehrm.demo.testcases.registeruser.CompleteRegister@5c18298f]" name="afterSuite" is-config="true" duration-ms="2" started-at="2021-01-08T11:36:44Z" finished-at="2021-01-08T11:36:44Z">
          <reporter-output>
          </reporter-output>
        </test-method> <!-- afterSuite -->
      </class> <!-- com.orangehrm.demo.testcases.registeruser.CompleteRegister -->
    </test> <!-- CompleteRegister -->
  </suite> <!-- RegisterUserSuite -->
</testng-results>
