<?xml version="1.0" encoding="UTF-8"?>
<testng-results skipped="0" failed="16" ignored="0" total="16" passed="0">
  <reporter-output>
  </reporter-output>
  <suite name="Default suite" duration-ms="3279" started-at="2020-11-16T06:44:31Z" finished-at="2020-11-16T06:44:34Z">
    <groups>
    </groups>
    <test name="Default test" duration-ms="3279" started-at="2020-11-16T06:44:31Z" finished-at="2020-11-16T06:44:34Z">
      <class name="com.orangehrm.demo.testcases.TestSample">
        <test-method status="PASS" signature="initSetup()[pri:0, instance:com.orangehrm.demo.testcases.TestSample@6e06451e]" name="initSetup" is-config="true" duration-ms="812" started-at="2020-11-16T06:44:31Z" finished-at="2020-11-16T06:44:32Z">
          <reporter-output>
          </reporter-output>
        </test-method> <!-- initSetup -->
        <test-method status="PASS" signature="beforeClass()[pri:0, instance:com.orangehrm.demo.testcases.TestSample@6e06451e]" name="beforeClass" is-config="true" duration-ms="0" started-at="2020-11-16T06:44:32Z" finished-at="2020-11-16T06:44:32Z">
          <reporter-output>
          </reporter-output>
        </test-method> <!-- beforeClass -->
        <test-method status="PASS" signature="TC001_TD001_BeforeMethod()[pri:0, instance:com.orangehrm.demo.testcases.TestSample@6e06451e]" name="TC001_TD001_BeforeMethod" is-config="true" duration-ms="250" started-at="2020-11-16T06:44:32Z" finished-at="2020-11-16T06:44:32Z">
          <reporter-output>
          </reporter-output>
        </test-method> <!-- TC001_TD001_BeforeMethod -->
        <test-method status="PASS" signature="TC001_TD001_BeforeMethod()[pri:0, instance:com.orangehrm.demo.testcases.TestSample@6e06451e]" name="TC001_TD001_BeforeMethod" is-config="true" duration-ms="335" started-at="2020-11-16T06:44:32Z" finished-at="2020-11-16T06:44:33Z">
          <reporter-output>
          </reporter-output>
        </test-method> <!-- TC001_TD001_BeforeMethod -->
        <test-method status="PASS" signature="TC001_TD001_BeforeMethod()[pri:0, instance:com.orangehrm.demo.testcases.TestSample@6e06451e]" name="TC001_TD001_BeforeMethod" is-config="true" duration-ms="341" started-at="2020-11-16T06:44:32Z" finished-at="2020-11-16T06:44:33Z">
          <reporter-output>
          </reporter-output>
        </test-method> <!-- TC001_TD001_BeforeMethod -->
        <test-method status="PASS" signature="TC001_TD001_BeforeMethod()[pri:0, instance:com.orangehrm.demo.testcases.TestSample@6e06451e]" name="TC001_TD001_BeforeMethod" is-config="true" duration-ms="344" started-at="2020-11-16T06:44:32Z" finished-at="2020-11-16T06:44:33Z">
          <reporter-output>
          </reporter-output>
        </test-method> <!-- TC001_TD001_BeforeMethod -->
        <test-method status="PASS" signature="TC001_TD001_BeforeMethod()[pri:0, instance:com.orangehrm.demo.testcases.TestSample@6e06451e]" name="TC001_TD001_BeforeMethod" is-config="true" duration-ms="315" started-at="2020-11-16T06:44:32Z" finished-at="2020-11-16T06:44:33Z">
          <reporter-output>
          </reporter-output>
        </test-method> <!-- TC001_TD001_BeforeMethod -->
        <test-method status="PASS" signature="TC001_TD001_BeforeMethod()[pri:0, instance:com.orangehrm.demo.testcases.TestSample@6e06451e]" name="TC001_TD001_BeforeMethod" is-config="true" duration-ms="348" started-at="2020-11-16T06:44:32Z" finished-at="2020-11-16T06:44:33Z">
          <reporter-output>
          </reporter-output>
        </test-method> <!-- TC001_TD001_BeforeMethod -->
        <test-method status="PASS" signature="TC001_TD001_BeforeMethod()[pri:0, instance:com.orangehrm.demo.testcases.TestSample@6e06451e]" name="TC001_TD001_BeforeMethod" is-config="true" duration-ms="329" started-at="2020-11-16T06:44:32Z" finished-at="2020-11-16T06:44:33Z">
          <reporter-output>
          </reporter-output>
        </test-method> <!-- TC001_TD001_BeforeMethod -->
        <test-method status="PASS" signature="TC001_TD001_BeforeMethod()[pri:0, instance:com.orangehrm.demo.testcases.TestSample@6e06451e]" name="TC001_TD001_BeforeMethod" is-config="true" duration-ms="272" started-at="2020-11-16T06:44:32Z" finished-at="2020-11-16T06:44:32Z">
          <reporter-output>
          </reporter-output>
        </test-method> <!-- TC001_TD001_BeforeMethod -->
        <test-method status="PASS" signature="TC001_TD001_BeforeMethod()[pri:0, instance:com.orangehrm.demo.testcases.TestSample@6e06451e]" name="TC001_TD001_BeforeMethod" is-config="true" duration-ms="363" started-at="2020-11-16T06:44:32Z" finished-at="2020-11-16T06:44:33Z">
          <reporter-output>
          </reporter-output>
        </test-method> <!-- TC001_TD001_BeforeMethod -->
        <test-method status="PASS" signature="TC001_TD001_BeforeMethod()[pri:0, instance:com.orangehrm.demo.testcases.TestSample@6e06451e]" name="TC001_TD001_BeforeMethod" is-config="true" duration-ms="372" started-at="2020-11-16T06:44:32Z" finished-at="2020-11-16T06:44:33Z">
          <reporter-output>
          </reporter-output>
        </test-method> <!-- TC001_TD001_BeforeMethod -->
        <test-method status="FAIL" signature="TC001_TD001(java.util.Hashtable)[pri:0, instance:com.orangehrm.demo.testcases.TestSample@6e06451e]" name="TC001_TD001" duration-ms="982" started-at="2020-11-16T06:44:32Z" data-provider="masterDP" finished-at="2020-11-16T06:44:33Z">
          <params>
            <param index="0">
              <value>
                <![CDATA[{chrome=chrome, AdminS=AdminS, Admin123=Admin123, TC001_TD002=TC001_TD003, N=N}]]>
              </value>
            </param>
          </params>
          <exception class="java.lang.NullPointerException">
            <full-stacktrace>
              <![CDATA[java.lang.NullPointerException
at com.orangehrm.demo.utilities.DataUtil.checkExecution(DataUtil.java:29)
at com.orangehrm.demo.testcases.TestSample.TC001_TD001(TestSample.java:27)
at sun.reflect.NativeMethodAccessorImpl.invoke0(Native Method)
at sun.reflect.NativeMethodAccessorImpl.invoke(NativeMethodAccessorImpl.java:62)
at sun.reflect.DelegatingMethodAccessorImpl.invoke(DelegatingMethodAccessorImpl.java:43)
at java.lang.reflect.Method.invoke(Method.java:498)
at org.testng.internal.MethodInvocationHelper.invokeMethod(MethodInvocationHelper.java:124)
at org.testng.internal.Invoker.invokeMethod(Invoker.java:583)
at org.testng.internal.Invoker.invokeTestMethod(Invoker.java:719)
at org.testng.internal.TestMethodWithDataProviderMethodWorker.call(TestMethodWithDataProviderMethodWorker.java:71)
at org.testng.internal.TestMethodWithDataProviderMethodWorker.call(TestMethodWithDataProviderMethodWorker.java:14)
at java.util.concurrent.FutureTask.run(FutureTask.java:266)
at java.util.concurrent.Executors$RunnableAdapter.call(Executors.java:511)
at java.util.concurrent.FutureTask.run(FutureTask.java:266)
at java.util.concurrent.ThreadPoolExecutor.runWorker(ThreadPoolExecutor.java:1149)
at java.util.concurrent.ThreadPoolExecutor$Worker.run(ThreadPoolExecutor.java:624)
at java.lang.Thread.run(Thread.java:748)
]]>
            </full-stacktrace>
          </exception> <!-- java.lang.NullPointerException -->
          <reporter-output>
          </reporter-output>
        </test-method> <!-- TC001_TD001 -->
        <test-method status="FAIL" signature="TC001_TD001(java.util.Hashtable)[pri:0, instance:com.orangehrm.demo.testcases.TestSample@6e06451e]" name="TC001_TD001" duration-ms="641" started-at="2020-11-16T06:44:32Z" data-provider="masterDP" finished-at="2020-11-16T06:44:33Z">
          <params>
            <param index="0">
              <value>
                <![CDATA[{chrome=, AdminS=, Admin123=, TC001_TD002=TC_003, N=LoginTestSupervisor}]]>
              </value>
            </param>
          </params>
          <exception class="java.lang.NullPointerException">
            <full-stacktrace>
              <![CDATA[java.lang.NullPointerException
at com.orangehrm.demo.utilities.DataUtil.checkExecution(DataUtil.java:29)
at com.orangehrm.demo.testcases.TestSample.TC001_TD001(TestSample.java:27)
at sun.reflect.NativeMethodAccessorImpl.invoke0(Native Method)
at sun.reflect.NativeMethodAccessorImpl.invoke(NativeMethodAccessorImpl.java:62)
at sun.reflect.DelegatingMethodAccessorImpl.invoke(DelegatingMethodAccessorImpl.java:43)
at java.lang.reflect.Method.invoke(Method.java:498)
at org.testng.internal.MethodInvocationHelper.invokeMethod(MethodInvocationHelper.java:124)
at org.testng.internal.Invoker.invokeMethod(Invoker.java:583)
at org.testng.internal.Invoker.invokeTestMethod(Invoker.java:719)
at org.testng.internal.TestMethodWithDataProviderMethodWorker.call(TestMethodWithDataProviderMethodWorker.java:71)
at org.testng.internal.TestMethodWithDataProviderMethodWorker.call(TestMethodWithDataProviderMethodWorker.java:14)
at java.util.concurrent.FutureTask.run(FutureTask.java:266)
at java.util.concurrent.Executors$RunnableAdapter.call(Executors.java:511)
at java.util.concurrent.FutureTask.run(FutureTask.java:266)
at java.util.concurrent.ThreadPoolExecutor.runWorker(ThreadPoolExecutor.java:1149)
at java.util.concurrent.ThreadPoolExecutor$Worker.run(ThreadPoolExecutor.java:624)
at java.lang.Thread.run(Thread.java:748)
]]>
            </full-stacktrace>
          </exception> <!-- java.lang.NullPointerException -->
          <reporter-output>
          </reporter-output>
        </test-method> <!-- TC001_TD001 -->
        <test-method status="FAIL" signature="TC001_TD001(java.util.Hashtable)[pri:0, instance:com.orangehrm.demo.testcases.TestSample@6e06451e]" name="TC001_TD001" duration-ms="838" started-at="2020-11-16T06:44:33Z" data-provider="masterDP" finished-at="2020-11-16T06:44:33Z">
          <params>
            <param index="0">
              <value>
                <![CDATA[{chrome=chrome, AdminS=raffuchakkar654321@gmail.com, Admin123=shireen555, TC001_TD002=TC002_TD001, N=Y}]]>
              </value>
            </param>
          </params>
          <exception class="java.lang.NullPointerException">
            <full-stacktrace>
              <![CDATA[java.lang.NullPointerException
at com.orangehrm.demo.utilities.DataUtil.checkExecution(DataUtil.java:29)
at com.orangehrm.demo.testcases.TestSample.TC001_TD001(TestSample.java:27)
at sun.reflect.NativeMethodAccessorImpl.invoke0(Native Method)
at sun.reflect.NativeMethodAccessorImpl.invoke(NativeMethodAccessorImpl.java:62)
at sun.reflect.DelegatingMethodAccessorImpl.invoke(DelegatingMethodAccessorImpl.java:43)
at java.lang.reflect.Method.invoke(Method.java:498)
at org.testng.internal.MethodInvocationHelper.invokeMethod(MethodInvocationHelper.java:124)
at org.testng.internal.Invoker.invokeMethod(Invoker.java:583)
at org.testng.internal.Invoker.invokeTestMethod(Invoker.java:719)
at org.testng.internal.TestMethodWithDataProviderMethodWorker.call(TestMethodWithDataProviderMethodWorker.java:71)
at org.testng.internal.TestMethodWithDataProviderMethodWorker.call(TestMethodWithDataProviderMethodWorker.java:14)
at java.util.concurrent.FutureTask.run(FutureTask.java:266)
at java.util.concurrent.Executors$RunnableAdapter.call(Executors.java:511)
at java.util.concurrent.FutureTask.run(FutureTask.java:266)
at java.util.concurrent.ThreadPoolExecutor.runWorker(ThreadPoolExecutor.java:1149)
at java.util.concurrent.ThreadPoolExecutor$Worker.run(ThreadPoolExecutor.java:624)
at java.lang.Thread.run(Thread.java:748)
]]>
            </full-stacktrace>
          </exception> <!-- java.lang.NullPointerException -->
          <reporter-output>
          </reporter-output>
        </test-method> <!-- TC001_TD001 -->
        <test-method status="FAIL" signature="TC001_TD001(java.util.Hashtable)[pri:0, instance:com.orangehrm.demo.testcases.TestSample@6e06451e]" name="TC001_TD001" duration-ms="1071" started-at="2020-11-16T06:44:33Z" data-provider="masterDP" finished-at="2020-11-16T06:44:34Z">
          <params>
            <param index="0">
              <value>
                <![CDATA[{chrome=chrome, AdminS=raffuchakkar654321@gmail.com, Admin123=askjdfhjskfs, TC001_TD002=TC002_TD003, N=N}]]>
              </value>
            </param>
          </params>
          <exception class="java.lang.NullPointerException">
            <full-stacktrace>
              <![CDATA[java.lang.NullPointerException
at com.orangehrm.demo.utilities.DataUtil.checkExecution(DataUtil.java:29)
at com.orangehrm.demo.testcases.TestSample.TC001_TD001(TestSample.java:27)
at sun.reflect.NativeMethodAccessorImpl.invoke0(Native Method)
at sun.reflect.NativeMethodAccessorImpl.invoke(NativeMethodAccessorImpl.java:62)
at sun.reflect.DelegatingMethodAccessorImpl.invoke(DelegatingMethodAccessorImpl.java:43)
at java.lang.reflect.Method.invoke(Method.java:498)
at org.testng.internal.MethodInvocationHelper.invokeMethod(MethodInvocationHelper.java:124)
at org.testng.internal.Invoker.invokeMethod(Invoker.java:583)
at org.testng.internal.Invoker.invokeTestMethod(Invoker.java:719)
at org.testng.internal.TestMethodWithDataProviderMethodWorker.call(TestMethodWithDataProviderMethodWorker.java:71)
at org.testng.internal.TestMethodWithDataProviderMethodWorker.call(TestMethodWithDataProviderMethodWorker.java:14)
at java.util.concurrent.FutureTask.run(FutureTask.java:266)
at java.util.concurrent.Executors$RunnableAdapter.call(Executors.java:511)
at java.util.concurrent.FutureTask.run(FutureTask.java:266)
at java.util.concurrent.ThreadPoolExecutor.runWorker(ThreadPoolExecutor.java:1149)
at java.util.concurrent.ThreadPoolExecutor$Worker.run(ThreadPoolExecutor.java:624)
at java.lang.Thread.run(Thread.java:748)
]]>
            </full-stacktrace>
          </exception> <!-- java.lang.NullPointerException -->
          <reporter-output>
          </reporter-output>
        </test-method> <!-- TC001_TD001 -->
        <test-method status="FAIL" signature="TC001_TD001(java.util.Hashtable)[pri:0, instance:com.orangehrm.demo.testcases.TestSample@6e06451e]" name="TC001_TD001" duration-ms="643" started-at="2020-11-16T06:44:33Z" data-provider="masterDP" finished-at="2020-11-16T06:44:33Z">
          <params>
            <param index="0">
              <value>
                <![CDATA[{chrome=browser, AdminS=username, Admin123=password, TC001_TD002=TestData_ID, N=Runmode}]]>
              </value>
            </param>
          </params>
          <exception class="java.lang.NullPointerException">
            <full-stacktrace>
              <![CDATA[java.lang.NullPointerException
at com.orangehrm.demo.utilities.DataUtil.checkExecution(DataUtil.java:29)
at com.orangehrm.demo.testcases.TestSample.TC001_TD001(TestSample.java:27)
at sun.reflect.NativeMethodAccessorImpl.invoke0(Native Method)
at sun.reflect.NativeMethodAccessorImpl.invoke(NativeMethodAccessorImpl.java:62)
at sun.reflect.DelegatingMethodAccessorImpl.invoke(DelegatingMethodAccessorImpl.java:43)
at java.lang.reflect.Method.invoke(Method.java:498)
at org.testng.internal.MethodInvocationHelper.invokeMethod(MethodInvocationHelper.java:124)
at org.testng.internal.Invoker.invokeMethod(Invoker.java:583)
at org.testng.internal.Invoker.invokeTestMethod(Invoker.java:719)
at org.testng.internal.TestMethodWithDataProviderMethodWorker.call(TestMethodWithDataProviderMethodWorker.java:71)
at org.testng.internal.TestMethodWithDataProviderMethodWorker.call(TestMethodWithDataProviderMethodWorker.java:14)
at java.util.concurrent.FutureTask.run(FutureTask.java:266)
at java.util.concurrent.Executors$RunnableAdapter.call(Executors.java:511)
at java.util.concurrent.FutureTask.run(FutureTask.java:266)
at java.util.concurrent.ThreadPoolExecutor.runWorker(ThreadPoolExecutor.java:1149)
at java.util.concurrent.ThreadPoolExecutor$Worker.run(ThreadPoolExecutor.java:624)
at java.lang.Thread.run(Thread.java:748)
]]>
            </full-stacktrace>
          </exception> <!-- java.lang.NullPointerException -->
          <reporter-output>
          </reporter-output>
        </test-method> <!-- TC001_TD001 -->
        <test-method status="FAIL" signature="TC001_TD001(java.util.Hashtable)[pri:0, instance:com.orangehrm.demo.testcases.TestSample@6e06451e]" name="TC001_TD001" duration-ms="1077" started-at="2020-11-16T06:44:33Z" data-provider="masterDP" finished-at="2020-11-16T06:44:34Z">
          <params>
            <param index="0">
              <value>
                <![CDATA[{chrome=, AdminS=, Admin123=, TC001_TD002=TC_002, N=LoginTestESS}]]>
              </value>
            </param>
          </params>
          <exception class="java.lang.NullPointerException">
            <full-stacktrace>
              <![CDATA[java.lang.NullPointerException
at com.orangehrm.demo.utilities.DataUtil.checkExecution(DataUtil.java:29)
at com.orangehrm.demo.testcases.TestSample.TC001_TD001(TestSample.java:27)
at sun.reflect.NativeMethodAccessorImpl.invoke0(Native Method)
at sun.reflect.NativeMethodAccessorImpl.invoke(NativeMethodAccessorImpl.java:62)
at sun.reflect.DelegatingMethodAccessorImpl.invoke(DelegatingMethodAccessorImpl.java:43)
at java.lang.reflect.Method.invoke(Method.java:498)
at org.testng.internal.MethodInvocationHelper.invokeMethod(MethodInvocationHelper.java:124)
at org.testng.internal.Invoker.invokeMethod(Invoker.java:583)
at org.testng.internal.Invoker.invokeTestMethod(Invoker.java:719)
at org.testng.internal.TestMethodWithDataProviderMethodWorker.call(TestMethodWithDataProviderMethodWorker.java:71)
at org.testng.internal.TestMethodWithDataProviderMethodWorker.call(TestMethodWithDataProviderMethodWorker.java:14)
at java.util.concurrent.FutureTask.run(FutureTask.java:266)
at java.util.concurrent.Executors$RunnableAdapter.call(Executors.java:511)
at java.util.concurrent.FutureTask.run(FutureTask.java:266)
at java.util.concurrent.ThreadPoolExecutor.runWorker(ThreadPoolExecutor.java:1149)
at java.util.concurrent.ThreadPoolExecutor$Worker.run(ThreadPoolExecutor.java:624)
at java.lang.Thread.run(Thread.java:748)
]]>
            </full-stacktrace>
          </exception> <!-- java.lang.NullPointerException -->
          <reporter-output>
          </reporter-output>
        </test-method> <!-- TC001_TD001 -->
        <test-method status="FAIL" signature="TC001_TD001(java.util.Hashtable)[pri:0, instance:com.orangehrm.demo.testcases.TestSample@6e06451e]" name="TC001_TD001" duration-ms="753" started-at="2020-11-16T06:44:33Z" data-provider="masterDP" finished-at="2020-11-16T06:44:33Z">
          <params>
            <param index="0">
              <value>
                <![CDATA[{chrome=IE, AdminS=raffuchakkar654321@gmail.com, Admin123=shireen555, TC001_TD002=TC002_TD002, N=N}]]>
              </value>
            </param>
          </params>
          <exception class="java.lang.NullPointerException">
            <full-stacktrace>
              <![CDATA[java.lang.NullPointerException
at com.orangehrm.demo.utilities.DataUtil.checkExecution(DataUtil.java:29)
at com.orangehrm.demo.testcases.TestSample.TC001_TD001(TestSample.java:27)
at sun.reflect.NativeMethodAccessorImpl.invoke0(Native Method)
at sun.reflect.NativeMethodAccessorImpl.invoke(NativeMethodAccessorImpl.java:62)
at sun.reflect.DelegatingMethodAccessorImpl.invoke(DelegatingMethodAccessorImpl.java:43)
at java.lang.reflect.Method.invoke(Method.java:498)
at org.testng.internal.MethodInvocationHelper.invokeMethod(MethodInvocationHelper.java:124)
at org.testng.internal.Invoker.invokeMethod(Invoker.java:583)
at org.testng.internal.Invoker.invokeTestMethod(Invoker.java:719)
at org.testng.internal.TestMethodWithDataProviderMethodWorker.call(TestMethodWithDataProviderMethodWorker.java:71)
at org.testng.internal.TestMethodWithDataProviderMethodWorker.call(TestMethodWithDataProviderMethodWorker.java:14)
at java.util.concurrent.FutureTask.run(FutureTask.java:266)
at java.util.concurrent.Executors$RunnableAdapter.call(Executors.java:511)
at java.util.concurrent.FutureTask.run(FutureTask.java:266)
at java.util.concurrent.ThreadPoolExecutor.runWorker(ThreadPoolExecutor.java:1149)
at java.util.concurrent.ThreadPoolExecutor$Worker.run(ThreadPoolExecutor.java:624)
at java.lang.Thread.run(Thread.java:748)
]]>
            </full-stacktrace>
          </exception> <!-- java.lang.NullPointerException -->
          <reporter-output>
          </reporter-output>
        </test-method> <!-- TC001_TD001 -->
        <test-method status="FAIL" signature="TC001_TD001(java.util.Hashtable)[pri:0, instance:com.orangehrm.demo.testcases.TestSample@6e06451e]" name="TC001_TD001" duration-ms="856" started-at="2020-11-16T06:44:33Z" data-provider="masterDP" finished-at="2020-11-16T06:44:33Z">
          <params>
            <param index="0">
              <value>
                <![CDATA[{chrome=chrome, AdminS=raffuchakkar654321@gmail.com, Admin123=shireen555, TC001_TD002=TD_001, N=Y}]]>
              </value>
            </param>
          </params>
          <exception class="java.lang.NullPointerException">
            <full-stacktrace>
              <![CDATA[java.lang.NullPointerException
at com.orangehrm.demo.utilities.DataUtil.checkExecution(DataUtil.java:29)
at com.orangehrm.demo.testcases.TestSample.TC001_TD001(TestSample.java:27)
at sun.reflect.NativeMethodAccessorImpl.invoke0(Native Method)
at sun.reflect.NativeMethodAccessorImpl.invoke(NativeMethodAccessorImpl.java:62)
at sun.reflect.DelegatingMethodAccessorImpl.invoke(DelegatingMethodAccessorImpl.java:43)
at java.lang.reflect.Method.invoke(Method.java:498)
at org.testng.internal.MethodInvocationHelper.invokeMethod(MethodInvocationHelper.java:124)
at org.testng.internal.Invoker.invokeMethod(Invoker.java:583)
at org.testng.internal.Invoker.invokeTestMethod(Invoker.java:719)
at org.testng.internal.TestMethodWithDataProviderMethodWorker.call(TestMethodWithDataProviderMethodWorker.java:71)
at org.testng.internal.TestMethodWithDataProviderMethodWorker.call(TestMethodWithDataProviderMethodWorker.java:14)
at java.util.concurrent.FutureTask.run(FutureTask.java:266)
at java.util.concurrent.Executors$RunnableAdapter.call(Executors.java:511)
at java.util.concurrent.FutureTask.run(FutureTask.java:266)
at java.util.concurrent.ThreadPoolExecutor.runWorker(ThreadPoolExecutor.java:1149)
at java.util.concurrent.ThreadPoolExecutor$Worker.run(ThreadPoolExecutor.java:624)
at java.lang.Thread.run(Thread.java:748)
]]>
            </full-stacktrace>
          </exception> <!-- java.lang.NullPointerException -->
          <reporter-output>
          </reporter-output>
        </test-method> <!-- TC001_TD001 -->
        <test-method status="FAIL" signature="TC001_TD001(java.util.Hashtable)[pri:0, instance:com.orangehrm.demo.testcases.TestSample@6e06451e]" name="TC001_TD001" duration-ms="913" started-at="2020-11-16T06:44:33Z" data-provider="masterDP" finished-at="2020-11-16T06:44:33Z">
          <params>
            <param index="0">
              <value>
                <![CDATA[{chrome=browser, AdminS=username, Admin123=password, TC001_TD002=TestData_ID, N=Runmode}]]>
              </value>
            </param>
          </params>
          <exception class="java.lang.NullPointerException">
            <full-stacktrace>
              <![CDATA[java.lang.NullPointerException
at com.orangehrm.demo.utilities.DataUtil.checkExecution(DataUtil.java:29)
at com.orangehrm.demo.testcases.TestSample.TC001_TD001(TestSample.java:27)
at sun.reflect.NativeMethodAccessorImpl.invoke0(Native Method)
at sun.reflect.NativeMethodAccessorImpl.invoke(NativeMethodAccessorImpl.java:62)
at sun.reflect.DelegatingMethodAccessorImpl.invoke(DelegatingMethodAccessorImpl.java:43)
at java.lang.reflect.Method.invoke(Method.java:498)
at org.testng.internal.MethodInvocationHelper.invokeMethod(MethodInvocationHelper.java:124)
at org.testng.internal.Invoker.invokeMethod(Invoker.java:583)
at org.testng.internal.Invoker.invokeTestMethod(Invoker.java:719)
at org.testng.internal.TestMethodWithDataProviderMethodWorker.call(TestMethodWithDataProviderMethodWorker.java:71)
at org.testng.internal.TestMethodWithDataProviderMethodWorker.call(TestMethodWithDataProviderMethodWorker.java:14)
at java.util.concurrent.FutureTask.run(FutureTask.java:266)
at java.util.concurrent.Executors$RunnableAdapter.call(Executors.java:511)
at java.util.concurrent.FutureTask.run(FutureTask.java:266)
at java.util.concurrent.ThreadPoolExecutor.runWorker(ThreadPoolExecutor.java:1149)
at java.util.concurrent.ThreadPoolExecutor$Worker.run(ThreadPoolExecutor.java:624)
at java.lang.Thread.run(Thread.java:748)
]]>
            </full-stacktrace>
          </exception> <!-- java.lang.NullPointerException -->
          <reporter-output>
          </reporter-output>
        </test-method> <!-- TC001_TD001 -->
        <test-method status="FAIL" signature="TC001_TD001(java.util.Hashtable)[pri:0, instance:com.orangehrm.demo.testcases.TestSample@6e06451e]" name="TC001_TD001" duration-ms="1016" started-at="2020-11-16T06:44:33Z" data-provider="masterDP" finished-at="2020-11-16T06:44:34Z">
          <params>
            <param index="0">
              <value>
                <![CDATA[{chrome=IE, AdminS=raffuchakkar654321@gmail.com, Admin123=shireen555, TC001_TD002=TD_002, N=N}]]>
              </value>
            </param>
          </params>
          <exception class="java.lang.NullPointerException">
            <full-stacktrace>
              <![CDATA[java.lang.NullPointerException
at com.orangehrm.demo.utilities.DataUtil.checkExecution(DataUtil.java:29)
at com.orangehrm.demo.testcases.TestSample.TC001_TD001(TestSample.java:27)
at sun.reflect.NativeMethodAccessorImpl.invoke0(Native Method)
at sun.reflect.NativeMethodAccessorImpl.invoke(NativeMethodAccessorImpl.java:62)
at sun.reflect.DelegatingMethodAccessorImpl.invoke(DelegatingMethodAccessorImpl.java:43)
at java.lang.reflect.Method.invoke(Method.java:498)
at org.testng.internal.MethodInvocationHelper.invokeMethod(MethodInvocationHelper.java:124)
at org.testng.internal.Invoker.invokeMethod(Invoker.java:583)
at org.testng.internal.Invoker.invokeTestMethod(Invoker.java:719)
at org.testng.internal.TestMethodWithDataProviderMethodWorker.call(TestMethodWithDataProviderMethodWorker.java:71)
at org.testng.internal.TestMethodWithDataProviderMethodWorker.call(TestMethodWithDataProviderMethodWorker.java:14)
at java.util.concurrent.FutureTask.run(FutureTask.java:266)
at java.util.concurrent.Executors$RunnableAdapter.call(Executors.java:511)
at java.util.concurrent.FutureTask.run(FutureTask.java:266)
at java.util.concurrent.ThreadPoolExecutor.runWorker(ThreadPoolExecutor.java:1149)
at java.util.concurrent.ThreadPoolExecutor$Worker.run(ThreadPoolExecutor.java:624)
at java.lang.Thread.run(Thread.java:748)
]]>
            </full-stacktrace>
          </exception> <!-- java.lang.NullPointerException -->
          <reporter-output>
          </reporter-output>
        </test-method> <!-- TC001_TD001 -->
        <test-method status="PASS" signature="afterMethod()[pri:0, instance:com.orangehrm.demo.testcases.TestSample@6e06451e]" name="afterMethod" is-config="true" duration-ms="1" started-at="2020-11-16T06:44:33Z" finished-at="2020-11-16T06:44:33Z">
          <reporter-output>
          </reporter-output>
        </test-method> <!-- afterMethod -->
        <test-method status="PASS" signature="TC001_TD001_BeforeMethod()[pri:0, instance:com.orangehrm.demo.testcases.TestSample@6e06451e]" name="TC001_TD001_BeforeMethod" is-config="true" duration-ms="366" started-at="2020-11-16T06:44:33Z" finished-at="2020-11-16T06:44:34Z">
          <reporter-output>
          </reporter-output>
        </test-method> <!-- TC001_TD001_BeforeMethod -->
        <test-method status="PASS" signature="TC001_TD001_BeforeMethod()[pri:0, instance:com.orangehrm.demo.testcases.TestSample@6e06451e]" name="TC001_TD001_BeforeMethod" is-config="true" duration-ms="441" started-at="2020-11-16T06:44:33Z" finished-at="2020-11-16T06:44:34Z">
          <reporter-output>
          </reporter-output>
        </test-method> <!-- TC001_TD001_BeforeMethod -->
        <test-method status="PASS" signature="afterMethod()[pri:0, instance:com.orangehrm.demo.testcases.TestSample@6e06451e]" name="afterMethod" is-config="true" duration-ms="0" started-at="2020-11-16T06:44:33Z" finished-at="2020-11-16T06:44:33Z">
          <reporter-output>
          </reporter-output>
        </test-method> <!-- afterMethod -->
        <test-method status="FAIL" signature="TC001_TD001(java.util.Hashtable)[pri:0, instance:com.orangehrm.demo.testcases.TestSample@6e06451e]" name="TC001_TD001" duration-ms="856" started-at="2020-11-16T06:44:34Z" data-provider="masterDP" finished-at="2020-11-16T06:44:34Z">
          <params>
            <param index="0">
              <value>
                <![CDATA[{chrome=chrome, AdminS=raffuchakkar654321@gmail.com, Admin123=askjdfhjskfs, TC001_TD002=TD_003, N=N}]]>
              </value>
            </param>
          </params>
          <exception class="java.lang.NullPointerException">
            <full-stacktrace>
              <![CDATA[java.lang.NullPointerException
at com.orangehrm.demo.utilities.DataUtil.checkExecution(DataUtil.java:29)
at com.orangehrm.demo.testcases.TestSample.TC001_TD001(TestSample.java:27)
at sun.reflect.NativeMethodAccessorImpl.invoke0(Native Method)
at sun.reflect.NativeMethodAccessorImpl.invoke(NativeMethodAccessorImpl.java:62)
at sun.reflect.DelegatingMethodAccessorImpl.invoke(DelegatingMethodAccessorImpl.java:43)
at java.lang.reflect.Method.invoke(Method.java:498)
at org.testng.internal.MethodInvocationHelper.invokeMethod(MethodInvocationHelper.java:124)
at org.testng.internal.Invoker.invokeMethod(Invoker.java:583)
at org.testng.internal.Invoker.invokeTestMethod(Invoker.java:719)
at org.testng.internal.TestMethodWithDataProviderMethodWorker.call(TestMethodWithDataProviderMethodWorker.java:71)
at org.testng.internal.TestMethodWithDataProviderMethodWorker.call(TestMethodWithDataProviderMethodWorker.java:14)
at java.util.concurrent.FutureTask.run(FutureTask.java:266)
at java.util.concurrent.Executors$RunnableAdapter.call(Executors.java:511)
at java.util.concurrent.FutureTask.run(FutureTask.java:266)
at java.util.concurrent.ThreadPoolExecutor.runWorker(ThreadPoolExecutor.java:1149)
at java.util.concurrent.ThreadPoolExecutor$Worker.run(ThreadPoolExecutor.java:624)
at java.lang.Thread.run(Thread.java:748)
]]>
            </full-stacktrace>
          </exception> <!-- java.lang.NullPointerException -->
          <reporter-output>
          </reporter-output>
        </test-method> <!-- TC001_TD001 -->
        <test-method status="PASS" signature="TC001_TD001_BeforeMethod()[pri:0, instance:com.orangehrm.demo.testcases.TestSample@6e06451e]" name="TC001_TD001_BeforeMethod" is-config="true" duration-ms="561" started-at="2020-11-16T06:44:34Z" finished-at="2020-11-16T06:44:34Z">
          <reporter-output>
          </reporter-output>
        </test-method> <!-- TC001_TD001_BeforeMethod -->
        <test-method status="PASS" signature="afterMethod()[pri:0, instance:com.orangehrm.demo.testcases.TestSample@6e06451e]" name="afterMethod" is-config="true" duration-ms="0" started-at="2020-11-16T06:44:34Z" finished-at="2020-11-16T06:44:34Z">
          <reporter-output>
          </reporter-output>
        </test-method> <!-- afterMethod -->
        <test-method status="PASS" signature="TC001_TD001_BeforeMethod()[pri:0, instance:com.orangehrm.demo.testcases.TestSample@6e06451e]" name="TC001_TD001_BeforeMethod" is-config="true" duration-ms="490" started-at="2020-11-16T06:44:34Z" finished-at="2020-11-16T06:44:34Z">
          <reporter-output>
          </reporter-output>
        </test-method> <!-- TC001_TD001_BeforeMethod -->
        <test-method status="PASS" signature="afterMethod()[pri:0, instance:com.orangehrm.demo.testcases.TestSample@6e06451e]" name="afterMethod" is-config="true" duration-ms="0" started-at="2020-11-16T06:44:34Z" finished-at="2020-11-16T06:44:34Z">
          <reporter-output>
          </reporter-output>
        </test-method> <!-- afterMethod -->
        <test-method status="PASS" signature="TC001_TD001_BeforeMethod()[pri:0, instance:com.orangehrm.demo.testcases.TestSample@6e06451e]" name="TC001_TD001_BeforeMethod" is-config="true" duration-ms="477" started-at="2020-11-16T06:44:34Z" finished-at="2020-11-16T06:44:34Z">
          <reporter-output>
          </reporter-output>
        </test-method> <!-- TC001_TD001_BeforeMethod -->
        <test-method status="PASS" signature="afterMethod()[pri:0, instance:com.orangehrm.demo.testcases.TestSample@6e06451e]" name="afterMethod" is-config="true" duration-ms="0" started-at="2020-11-16T06:44:34Z" finished-at="2020-11-16T06:44:34Z">
          <reporter-output>
          </reporter-output>
        </test-method> <!-- afterMethod -->
        <test-method status="PASS" signature="afterMethod()[pri:0, instance:com.orangehrm.demo.testcases.TestSample@6e06451e]" name="afterMethod" is-config="true" duration-ms="0" started-at="2020-11-16T06:44:34Z" finished-at="2020-11-16T06:44:34Z">
          <reporter-output>
          </reporter-output>
        </test-method> <!-- afterMethod -->
        <test-method status="PASS" signature="TC001_TD001_BeforeMethod()[pri:0, instance:com.orangehrm.demo.testcases.TestSample@6e06451e]" name="TC001_TD001_BeforeMethod" is-config="true" duration-ms="322" started-at="2020-11-16T06:44:34Z" finished-at="2020-11-16T06:44:34Z">
          <reporter-output>
          </reporter-output>
        </test-method> <!-- TC001_TD001_BeforeMethod -->
        <test-method status="PASS" signature="afterMethod()[pri:0, instance:com.orangehrm.demo.testcases.TestSample@6e06451e]" name="afterMethod" is-config="true" duration-ms="0" started-at="2020-11-16T06:44:34Z" finished-at="2020-11-16T06:44:34Z">
          <reporter-output>
          </reporter-output>
        </test-method> <!-- afterMethod -->
        <test-method status="PASS" signature="afterMethod()[pri:0, instance:com.orangehrm.demo.testcases.TestSample@6e06451e]" name="afterMethod" is-config="true" duration-ms="1" started-at="2020-11-16T06:44:34Z" finished-at="2020-11-16T06:44:34Z">
          <reporter-output>
          </reporter-output>
        </test-method> <!-- afterMethod -->
        <test-method status="FAIL" signature="TC001_TD001(java.util.Hashtable)[pri:0, instance:com.orangehrm.demo.testcases.TestSample@6e06451e]" name="TC001_TD001" duration-ms="551" started-at="2020-11-16T06:44:34Z" data-provider="masterDP" finished-at="2020-11-16T06:44:34Z">
          <params>
            <param index="0">
              <value>
                <![CDATA[{chrome=, AdminS=, Admin123=, TC001_TD002=TC_004, N=LoginTestSysAdmin}]]>
              </value>
            </param>
          </params>
          <exception class="java.lang.NullPointerException">
            <full-stacktrace>
              <![CDATA[java.lang.NullPointerException
at com.orangehrm.demo.utilities.DataUtil.checkExecution(DataUtil.java:29)
at com.orangehrm.demo.testcases.TestSample.TC001_TD001(TestSample.java:27)
at sun.reflect.NativeMethodAccessorImpl.invoke0(Native Method)
at sun.reflect.NativeMethodAccessorImpl.invoke(NativeMethodAccessorImpl.java:62)
at sun.reflect.DelegatingMethodAccessorImpl.invoke(DelegatingMethodAccessorImpl.java:43)
at java.lang.reflect.Method.invoke(Method.java:498)
at org.testng.internal.MethodInvocationHelper.invokeMethod(MethodInvocationHelper.java:124)
at org.testng.internal.Invoker.invokeMethod(Invoker.java:583)
at org.testng.internal.Invoker.invokeTestMethod(Invoker.java:719)
at org.testng.internal.TestMethodWithDataProviderMethodWorker.call(TestMethodWithDataProviderMethodWorker.java:71)
at org.testng.internal.TestMethodWithDataProviderMethodWorker.call(TestMethodWithDataProviderMethodWorker.java:14)
at java.util.concurrent.FutureTask.run(FutureTask.java:266)
at java.util.concurrent.Executors$RunnableAdapter.call(Executors.java:511)
at java.util.concurrent.FutureTask.run(FutureTask.java:266)
at java.util.concurrent.ThreadPoolExecutor.runWorker(ThreadPoolExecutor.java:1149)
at java.util.concurrent.ThreadPoolExecutor$Worker.run(ThreadPoolExecutor.java:624)
at java.lang.Thread.run(Thread.java:748)
]]>
            </full-stacktrace>
          </exception> <!-- java.lang.NullPointerException -->
          <reporter-output>
          </reporter-output>
        </test-method> <!-- TC001_TD001 -->
        <test-method status="PASS" signature="afterMethod()[pri:0, instance:com.orangehrm.demo.testcases.TestSample@6e06451e]" name="afterMethod" is-config="true" duration-ms="1" started-at="2020-11-16T06:44:34Z" finished-at="2020-11-16T06:44:34Z">
          <reporter-output>
          </reporter-output>
        </test-method> <!-- afterMethod -->
        <test-method status="PASS" signature="afterMethod()[pri:0, instance:com.orangehrm.demo.testcases.TestSample@6e06451e]" name="afterMethod" is-config="true" duration-ms="1" started-at="2020-11-16T06:44:34Z" finished-at="2020-11-16T06:44:34Z">
          <reporter-output>
          </reporter-output>
        </test-method> <!-- afterMethod -->
        <test-method status="FAIL" signature="TC001_TD001(java.util.Hashtable)[pri:0, instance:com.orangehrm.demo.testcases.TestSample@6e06451e]" name="TC001_TD001" duration-ms="324" started-at="2020-11-16T06:44:34Z" data-provider="masterDP" finished-at="2020-11-16T06:44:34Z">
          <params>
            <param index="0">
              <value>
                <![CDATA[{chrome=chrome, AdminS=raffuchakkar654321@gmail.com, Admin123=askjdfhjskfs, TC001_TD002=TD_003, N=N}]]>
              </value>
            </param>
          </params>
          <exception class="java.lang.NullPointerException">
            <full-stacktrace>
              <![CDATA[java.lang.NullPointerException
at com.orangehrm.demo.utilities.DataUtil.checkExecution(DataUtil.java:29)
at com.orangehrm.demo.testcases.TestSample.TC001_TD001(TestSample.java:27)
at sun.reflect.NativeMethodAccessorImpl.invoke0(Native Method)
at sun.reflect.NativeMethodAccessorImpl.invoke(NativeMethodAccessorImpl.java:62)
at sun.reflect.DelegatingMethodAccessorImpl.invoke(DelegatingMethodAccessorImpl.java:43)
at java.lang.reflect.Method.invoke(Method.java:498)
at org.testng.internal.MethodInvocationHelper.invokeMethod(MethodInvocationHelper.java:124)
at org.testng.internal.Invoker.invokeMethod(Invoker.java:583)
at org.testng.internal.Invoker.invokeTestMethod(Invoker.java:719)
at org.testng.internal.TestMethodWithDataProviderMethodWorker.call(TestMethodWithDataProviderMethodWorker.java:71)
at org.testng.internal.TestMethodWithDataProviderMethodWorker.call(TestMethodWithDataProviderMethodWorker.java:14)
at java.util.concurrent.FutureTask.run(FutureTask.java:266)
at java.util.concurrent.Executors$RunnableAdapter.call(Executors.java:511)
at java.util.concurrent.FutureTask.run(FutureTask.java:266)
at java.util.concurrent.ThreadPoolExecutor.runWorker(ThreadPoolExecutor.java:1149)
at java.util.concurrent.ThreadPoolExecutor$Worker.run(ThreadPoolExecutor.java:624)
at java.lang.Thread.run(Thread.java:748)
]]>
            </full-stacktrace>
          </exception> <!-- java.lang.NullPointerException -->
          <reporter-output>
          </reporter-output>
        </test-method> <!-- TC001_TD001 -->
        <test-method status="FAIL" signature="TC001_TD001(java.util.Hashtable)[pri:0, instance:com.orangehrm.demo.testcases.TestSample@6e06451e]" name="TC001_TD001" duration-ms="302" started-at="2020-11-16T06:44:34Z" data-provider="masterDP" finished-at="2020-11-16T06:44:34Z">
          <params>
            <param index="0">
              <value>
                <![CDATA[{chrome=IE, AdminS=raffuchakkar654321@gmail.com, Admin123=shireen555, TC001_TD002=TD_002, N=N}]]>
              </value>
            </param>
          </params>
          <exception class="java.lang.NullPointerException">
            <full-stacktrace>
              <![CDATA[java.lang.NullPointerException
at com.orangehrm.demo.utilities.DataUtil.checkExecution(DataUtil.java:29)
at com.orangehrm.demo.testcases.TestSample.TC001_TD001(TestSample.java:27)
at sun.reflect.NativeMethodAccessorImpl.invoke0(Native Method)
at sun.reflect.NativeMethodAccessorImpl.invoke(NativeMethodAccessorImpl.java:62)
at sun.reflect.DelegatingMethodAccessorImpl.invoke(DelegatingMethodAccessorImpl.java:43)
at java.lang.reflect.Method.invoke(Method.java:498)
at org.testng.internal.MethodInvocationHelper.invokeMethod(MethodInvocationHelper.java:124)
at org.testng.internal.Invoker.invokeMethod(Invoker.java:583)
at org.testng.internal.Invoker.invokeTestMethod(Invoker.java:719)
at org.testng.internal.TestMethodWithDataProviderMethodWorker.call(TestMethodWithDataProviderMethodWorker.java:71)
at org.testng.internal.TestMethodWithDataProviderMethodWorker.call(TestMethodWithDataProviderMethodWorker.java:14)
at java.util.concurrent.FutureTask.run(FutureTask.java:266)
at java.util.concurrent.Executors$RunnableAdapter.call(Executors.java:511)
at java.util.concurrent.FutureTask.run(FutureTask.java:266)
at java.util.concurrent.ThreadPoolExecutor.runWorker(ThreadPoolExecutor.java:1149)
at java.util.concurrent.ThreadPoolExecutor$Worker.run(ThreadPoolExecutor.java:624)
at java.lang.Thread.run(Thread.java:748)
]]>
            </full-stacktrace>
          </exception> <!-- java.lang.NullPointerException -->
          <reporter-output>
          </reporter-output>
        </test-method> <!-- TC001_TD001 -->
        <test-method status="FAIL" signature="TC001_TD001(java.util.Hashtable)[pri:0, instance:com.orangehrm.demo.testcases.TestSample@6e06451e]" name="TC001_TD001" duration-ms="229" started-at="2020-11-16T06:44:34Z" data-provider="masterDP" finished-at="2020-11-16T06:44:34Z">
          <params>
            <param index="0">
              <value>
                <![CDATA[{chrome=chrome, AdminS=raffuchakkar654321@gmail.com, Admin123=shireen555, TC001_TD002=TD_001, N=Y}]]>
              </value>
            </param>
          </params>
          <exception class="java.lang.NullPointerException">
            <full-stacktrace>
              <![CDATA[java.lang.NullPointerException
at com.orangehrm.demo.utilities.DataUtil.checkExecution(DataUtil.java:29)
at com.orangehrm.demo.testcases.TestSample.TC001_TD001(TestSample.java:27)
at sun.reflect.NativeMethodAccessorImpl.invoke0(Native Method)
at sun.reflect.NativeMethodAccessorImpl.invoke(NativeMethodAccessorImpl.java:62)
at sun.reflect.DelegatingMethodAccessorImpl.invoke(DelegatingMethodAccessorImpl.java:43)
at java.lang.reflect.Method.invoke(Method.java:498)
at org.testng.internal.MethodInvocationHelper.invokeMethod(MethodInvocationHelper.java:124)
at org.testng.internal.Invoker.invokeMethod(Invoker.java:583)
at org.testng.internal.Invoker.invokeTestMethod(Invoker.java:719)
at org.testng.internal.TestMethodWithDataProviderMethodWorker.call(TestMethodWithDataProviderMethodWorker.java:71)
at org.testng.internal.TestMethodWithDataProviderMethodWorker.call(TestMethodWithDataProviderMethodWorker.java:14)
at java.util.concurrent.FutureTask.run(FutureTask.java:266)
at java.util.concurrent.Executors$RunnableAdapter.call(Executors.java:511)
at java.util.concurrent.FutureTask.run(FutureTask.java:266)
at java.util.concurrent.ThreadPoolExecutor.runWorker(ThreadPoolExecutor.java:1149)
at java.util.concurrent.ThreadPoolExecutor$Worker.run(ThreadPoolExecutor.java:624)
at java.lang.Thread.run(Thread.java:748)
]]>
            </full-stacktrace>
          </exception> <!-- java.lang.NullPointerException -->
          <reporter-output>
          </reporter-output>
        </test-method> <!-- TC001_TD001 -->
        <test-method status="FAIL" signature="TC001_TD001(java.util.Hashtable)[pri:0, instance:com.orangehrm.demo.testcases.TestSample@6e06451e]" name="TC001_TD001" duration-ms="214" started-at="2020-11-16T06:44:34Z" data-provider="masterDP" finished-at="2020-11-16T06:44:34Z">
          <params>
            <param index="0">
              <value>
                <![CDATA[{chrome=browser, AdminS=username, Admin123=password, TC001_TD002=TestData_ID, N=Runmode}]]>
              </value>
            </param>
          </params>
          <exception class="java.lang.NullPointerException">
            <full-stacktrace>
              <![CDATA[java.lang.NullPointerException
at com.orangehrm.demo.utilities.DataUtil.checkExecution(DataUtil.java:29)
at com.orangehrm.demo.testcases.TestSample.TC001_TD001(TestSample.java:27)
at sun.reflect.NativeMethodAccessorImpl.invoke0(Native Method)
at sun.reflect.NativeMethodAccessorImpl.invoke(NativeMethodAccessorImpl.java:62)
at sun.reflect.DelegatingMethodAccessorImpl.invoke(DelegatingMethodAccessorImpl.java:43)
at java.lang.reflect.Method.invoke(Method.java:498)
at org.testng.internal.MethodInvocationHelper.invokeMethod(MethodInvocationHelper.java:124)
at org.testng.internal.Invoker.invokeMethod(Invoker.java:583)
at org.testng.internal.Invoker.invokeTestMethod(Invoker.java:719)
at org.testng.internal.TestMethodWithDataProviderMethodWorker.call(TestMethodWithDataProviderMethodWorker.java:71)
at org.testng.internal.TestMethodWithDataProviderMethodWorker.call(TestMethodWithDataProviderMethodWorker.java:14)
at java.util.concurrent.FutureTask.run(FutureTask.java:266)
at java.util.concurrent.Executors$RunnableAdapter.call(Executors.java:511)
at java.util.concurrent.FutureTask.run(FutureTask.java:266)
at java.util.concurrent.ThreadPoolExecutor.runWorker(ThreadPoolExecutor.java:1149)
at java.util.concurrent.ThreadPoolExecutor$Worker.run(ThreadPoolExecutor.java:624)
at java.lang.Thread.run(Thread.java:748)
]]>
            </full-stacktrace>
          </exception> <!-- java.lang.NullPointerException -->
          <reporter-output>
          </reporter-output>
        </test-method> <!-- TC001_TD001 -->
        <test-method status="PASS" signature="afterMethod()[pri:0, instance:com.orangehrm.demo.testcases.TestSample@6e06451e]" name="afterMethod" is-config="true" duration-ms="1" started-at="2020-11-16T06:44:34Z" finished-at="2020-11-16T06:44:34Z">
          <reporter-output>
          </reporter-output>
        </test-method> <!-- afterMethod -->
        <test-method status="PASS" signature="afterMethod()[pri:0, instance:com.orangehrm.demo.testcases.TestSample@6e06451e]" name="afterMethod" is-config="true" duration-ms="0" started-at="2020-11-16T06:44:34Z" finished-at="2020-11-16T06:44:34Z">
          <reporter-output>
          </reporter-output>
        </test-method> <!-- afterMethod -->
        <test-method status="PASS" signature="afterMethod()[pri:0, instance:com.orangehrm.demo.testcases.TestSample@6e06451e]" name="afterMethod" is-config="true" duration-ms="1" started-at="2020-11-16T06:44:34Z" finished-at="2020-11-16T06:44:34Z">
          <reporter-output>
          </reporter-output>
        </test-method> <!-- afterMethod -->
        <test-method status="PASS" signature="afterMethod()[pri:0, instance:com.orangehrm.demo.testcases.TestSample@6e06451e]" name="afterMethod" is-config="true" duration-ms="0" started-at="2020-11-16T06:44:34Z" finished-at="2020-11-16T06:44:34Z">
          <reporter-output>
          </reporter-output>
        </test-method> <!-- afterMethod -->
        <test-method status="PASS" signature="afterMethod()[pri:0, instance:com.orangehrm.demo.testcases.TestSample@6e06451e]" name="afterMethod" is-config="true" duration-ms="25" started-at="2020-11-16T06:44:34Z" finished-at="2020-11-16T06:44:34Z">
          <reporter-output>
          </reporter-output>
        </test-method> <!-- afterMethod -->
        <test-method status="PASS" signature="afterMethod()[pri:0, instance:com.orangehrm.demo.testcases.TestSample@6e06451e]" name="afterMethod" is-config="true" duration-ms="1" started-at="2020-11-16T06:44:34Z" finished-at="2020-11-16T06:44:34Z">
          <reporter-output>
          </reporter-output>
        </test-method> <!-- afterMethod -->
        <test-method status="PASS" signature="afterClass()[pri:0, instance:com.orangehrm.demo.testcases.TestSample@6e06451e]" name="afterClass" is-config="true" duration-ms="0" started-at="2020-11-16T06:44:34Z" finished-at="2020-11-16T06:44:34Z">
          <reporter-output>
          </reporter-output>
        </test-method> <!-- afterClass -->
        <test-method status="PASS" signature="afterTest()[pri:0, instance:com.orangehrm.demo.testcases.TestSample@6e06451e]" name="afterTest" is-config="true" duration-ms="0" started-at="2020-11-16T06:44:34Z" finished-at="2020-11-16T06:44:34Z">
          <reporter-output>
          </reporter-output>
        </test-method> <!-- afterTest -->
      </class> <!-- com.orangehrm.demo.testcases.TestSample -->
    </test> <!-- Default test -->
  </suite> <!-- Default suite -->
</testng-results>
