<?xml version="1.0" encoding="UTF-8"?>
<!-- Generated by org.testng.reporters.JUnitXMLReporter -->
<testsuite hostname="DESKTOP-LMKUR01" ignored="0" name="AutoITTest" tests="3" failures="0" timestamp="08 Jan 2021 11:36:43 GMT" time="47.497" errors="0">
  <testcase name="testLoginAdmin" time="47.385" classname="com.orangehrm.demo.testcases.login.AutoITTest"/>
  <testcase name="testLoginAdmin" time="0.003" classname="com.orangehrm.demo.testcases.login.AutoITTest">
    <skipped/>
  </testcase> <!-- testLoginAdmin -->
  <testcase name="testLoginAdmin" time="0.003" classname="com.orangehrm.demo.testcases.login.AutoITTest">
    <skipped/>
  </testcase> <!-- testLoginAdmin -->
</testsuite> <!-- AutoITTest -->
