<?xml version="1.0" encoding="UTF-8"?>
<!-- Generated by org.testng.reporters.JUnitXMLReporter -->
<testsuite hostname="DESKTOP-LMKUR01" ignored="0" name="LoginAdminTest" tests="3" failures="0" timestamp="08 Jan 2021 11:35:54 GMT" time="54.153" errors="0">
  <testcase name="testLoginAdmin" time="28.582" classname="com.orangehrm.demo.testcases.login.LoginAdminTest"/>
  <testcase name="testLoginAdmin" time="25.471" classname="com.orangehrm.demo.testcases.login.LoginAdminTest"/>
  <testcase name="testLoginAdmin" time="0.003" classname="com.orangehrm.demo.testcases.login.LoginAdminTest">
    <skipped/>
  </testcase> <!-- testLoginAdmin -->
</testsuite> <!-- LoginAdminTest -->
